  Player.cpp
  Mob.cpp
C:\Users\عمر\source\repos\2d Game\2d Game\Headers\PathFinder.h(16,10): error C2143: syntax error: missing ';' before '*'
  (compiling source file 'Entities/Mob.cpp')
  
C:\Users\عمر\source\repos\2d Game\2d Game\Headers\PathFinder.h(16,10): error C4430: missing type specifier - int assumed. Note: C++ does not support default-int
  (compiling source file 'Entities/Mob.cpp')
  
C:\Users\عمر\source\repos\2d Game\2d Game\Headers\PathFinder.h(16,27): error C2238: unexpected token(s) preceding ';'
  (compiling source file 'Entities/Mob.cpp')
  
C:\Users\عمر\source\repos\2d Game\2d Game\Headers\PathFinder.h(28,16): error C2061: syntax error: identifier 'Game'
  (compiling source file 'Entities/Mob.cpp')
  
C:\Users\عمر\source\repos\2d Game\2d Game\Headers\PathFinder.h(28,5): error C2535: 'PathFinder::PathFinder(void)': member function already defined or declared
  (compiling source file 'Entities/Mob.cpp')
  C:\Users\عمر\source\repos\2d Game\2d Game\Headers\PathFinder.h(26,5):
  see declaration of 'PathFinder::PathFinder'
  
  PathFinder.cpp
C:\Users\عمر\source\repos\2d Game\2d Game\Headers\Mob.h(54,7): error C2143: syntax error: missing ';' before '*'
  (compiling source file 'Main/PathFinder.cpp')
  
C:\Users\عمر\source\repos\2d Game\2d Game\Headers\Mob.h(54,7): error C4430: missing type specifier - int assumed. Note: C++ does not support default-int
  (compiling source file 'Main/PathFinder.cpp')
  
C:\Users\عمر\source\repos\2d Game\2d Game\Headers\Mob.h(54,12): error C2238: unexpected token(s) preceding ';'
  (compiling source file 'Main/PathFinder.cpp')
  
C:\Users\عمر\source\repos\2d Game\2d Game\Headers\Mob.h(62,68): error C2061: syntax error: identifier 'Game'
  (compiling source file 'Main/PathFinder.cpp')
  
C:\Users\عمر\source\repos\2d Game\2d Game\Headers\Game.h(49,13): error C3646: 'pathFinder': unknown override specifier
  (compiling source file 'Main/PathFinder.cpp')
  
C:\Users\عمر\source\repos\2d Game\2d Game\Headers\Game.h(49,23): error C4430: missing type specifier - int assumed. Note: C++ does not support default-int
  (compiling source file 'Main/PathFinder.cpp')
  
  Game.cpp
C:\Users\عمر\source\repos\2d Game\2d Game\Headers\Mob.h(54,7): error C2143: syntax error: missing ';' before '*'
  (compiling source file 'Main/Game.cpp')
  
C:\Users\عمر\source\repos\2d Game\2d Game\Headers\Mob.h(54,7): error C4430: missing type specifier - int assumed. Note: C++ does not support default-int
  (compiling source file 'Main/Game.cpp')
  
C:\Users\عمر\source\repos\2d Game\2d Game\Headers\Mob.h(54,12): error C2238: unexpected token(s) preceding ';'
  (compiling source file 'Main/Game.cpp')
  
C:\Users\عمر\source\repos\2d Game\2d Game\Headers\Mob.h(62,68): error C2061: syntax error: identifier 'Game'
  (compiling source file 'Main/Game.cpp')
  
C:\Users\عمر\source\repos\2d Game\2d Game\Headers\PathFinder.h(16,10): error C2143: syntax error: missing ';' before '*'
  (compiling source file 'Main/Game.cpp')
  
C:\Users\عمر\source\repos\2d Game\2d Game\Headers\PathFinder.h(16,10): error C4430: missing type specifier - int assumed. Note: C++ does not support default-int
  (compiling source file 'Main/Game.cpp')
  
C:\Users\عمر\source\repos\2d Game\2d Game\Headers\PathFinder.h(16,27): error C2238: unexpected token(s) preceding ';'
  (compiling source file 'Main/Game.cpp')
  
C:\Users\عمر\source\repos\2d Game\2d Game\Headers\PathFinder.h(28,16): error C2061: syntax error: identifier 'Game'
  (compiling source file 'Main/Game.cpp')
  
C:\Users\عمر\source\repos\2d Game\2d Game\Headers\PathFinder.h(28,5): error C2535: 'PathFinder::PathFinder(void)': member function already defined or declared
  (compiling source file 'Main/Game.cpp')
  C:\Users\عمر\source\repos\2d Game\2d Game\Headers\PathFinder.h(26,5):
  see declaration of 'PathFinder::PathFinder'
  
C:\Users\عمر\source\repos\2d Game\2d Game\Main\Game.cpp(139,16): error C2661: 'Mob::Mob': no overloaded function takes 5 arguments
  C:\Users\عمر\source\repos\2d Game\2d Game\Main\Game.cpp(139,16):
  while trying to match the argument list '(int, int, int, SDL_Renderer *, Game *)'
  
C:\Users\عمر\source\repos\2d Game\2d Game\Main\Game.cpp(140,25): error C2440: '<function-style-cast>': cannot convert from 'initializer list' to 'PathFinder'
  C:\Users\عمر\source\repos\2d Game\2d Game\Main\Game.cpp(140,25):
  'PathFinder::PathFinder': function does not take 2 arguments
  	C:\Users\عمر\source\repos\2d Game\2d Game\Main\Game.cpp(140,25):
  	while trying to match the argument list '(Game *, std::vector<std::vector<Tile,std::allocator<Tile>>,std::allocator<std::vector<Tile,std::allocator<Tile>>>>)'
  
C:\Users\عمر\source\repos\2d Game\2d Game\Main\Game.cpp(145,14): warning C4244: 'initializing': conversion from 'int' to 'float', possible loss of data
C:\Users\عمر\source\repos\2d Game\2d Game\Main\Game.cpp(146,14): warning C4244: 'initializing': conversion from 'int' to 'float', possible loss of data
C:\Users\عمر\source\repos\2d Game\2d Game\Main\Game.cpp(277,20): warning C4244: '=': conversion from 'float' to 'int', possible loss of data
C:\Users\عمر\source\repos\2d Game\2d Game\Main\Game.cpp(278,20): warning C4244: '=': conversion from 'float' to 'int', possible loss of data
  main.cpp
C:\Users\عمر\source\repos\2d Game\2d Game\Headers\Mob.h(54,7): error C2143: syntax error: missing ';' before '*'
  (compiling source file 'Main/main.cpp')
  
C:\Users\عمر\source\repos\2d Game\2d Game\Headers\Mob.h(54,7): error C4430: missing type specifier - int assumed. Note: C++ does not support default-int
  (compiling source file 'Main/main.cpp')
  
C:\Users\عمر\source\repos\2d Game\2d Game\Headers\Mob.h(54,12): error C2238: unexpected token(s) preceding ';'
  (compiling source file 'Main/main.cpp')
  
C:\Users\عمر\source\repos\2d Game\2d Game\Headers\Mob.h(62,68): error C2061: syntax error: identifier 'Game'
  (compiling source file 'Main/main.cpp')
  
C:\Users\عمر\source\repos\2d Game\2d Game\Headers\PathFinder.h(16,10): error C2143: syntax error: missing ';' before '*'
  (compiling source file 'Main/main.cpp')
  
C:\Users\عمر\source\repos\2d Game\2d Game\Headers\PathFinder.h(16,10): error C4430: missing type specifier - int assumed. Note: C++ does not support default-int
  (compiling source file 'Main/main.cpp')
  
C:\Users\عمر\source\repos\2d Game\2d Game\Headers\PathFinder.h(16,27): error C2238: unexpected token(s) preceding ';'
  (compiling source file 'Main/main.cpp')
  
C:\Users\عمر\source\repos\2d Game\2d Game\Headers\PathFinder.h(28,16): error C2061: syntax error: identifier 'Game'
  (compiling source file 'Main/main.cpp')
  
C:\Users\عمر\source\repos\2d Game\2d Game\Headers\PathFinder.h(28,5): error C2535: 'PathFinder::PathFinder(void)': member function already defined or declared
  (compiling source file 'Main/main.cpp')
  C:\Users\عمر\source\repos\2d Game\2d Game\Headers\PathFinder.h(26,5):
  see declaration of 'PathFinder::PathFinder'
  
  Generating Code...
